Building DAG of jobs...
Using shell: /bin/bash
Provided cores: 4
Rules claiming more threads will be scaled down.
Conda environments: ignored
Job stats:
job                            count
---------------------------  -------
clean_pine_martin_sightings        1
create_location_map                1
total                              2

Select jobs to execute...
Execute 1 jobs...

[Sun Sep  8 22:42:55 2024]
localrule clean_pine_martin_sightings:
    input: outputs/pine_martins_sightings.csv
    output: outputs/pine_martins_sightings_clean.csv
    jobid: 2
    reason: Missing output files: outputs/pine_martins_sightings_clean.csv
    resources: tmpdir=/var/folders/1z/9q2sbs594sj783bxhkj9gfl80000gn/T

[Sun Sep  8 22:42:57 2024]
Finished job 2.
1 of 2 steps (50%) done
Select jobs to execute...
Execute 1 jobs...

[Sun Sep  8 22:42:57 2024]
localrule create_location_map:
    input: outputs/pine_martins_sightings_clean.csv
    output: outputs/sightings_map.html
    jobid: 1
    reason: Forced execution
    resources: tmpdir=/var/folders/1z/9q2sbs594sj783bxhkj9gfl80000gn/T

[Sun Sep  8 22:42:58 2024]
Finished job 1.
2 of 2 steps (100%) done
Complete log: .snakemake/log/2024-09-08T224255.862981.snakemake.log
