Building DAG of jobs...
Using shell: /bin/bash
Provided cores: 4
Rules claiming more threads will be scaled down.
Conda environments: ignored
Job stats:
job                            count
---------------------------  -------
clean_pine_martin_sightings        1
total                              1

Select jobs to execute...
Execute 1 jobs...

[Sun Sep  8 18:14:29 2024]
localrule clean_pine_martin_sightings:
    input: outputs/pine_martins_sightings.csv
    output: outputs/pine_martins_sightings_clean.csv
    jobid: 1
    reason: Forced execution
    resources: tmpdir=/var/folders/1z/9q2sbs594sj783bxhkj9gfl80000gn/T

RuleException:
CalledProcessError in file /Users/chrisbutler/Documents/pine_martin/pine_martin, line 17:
Command 'set -euo pipefail;  /Users/chrisbutler/anaconda3/envs/pine_martin/bin/python3.12 /Users/chrisbutler/Documents/pine_martin/.snakemake/scripts/tmpld5ksfvh.pm_clean.py' returned non-zero exit status 1.
[Sun Sep  8 18:14:30 2024]
Error in rule clean_pine_martin_sightings:
    jobid: 1
    input: outputs/pine_martins_sightings.csv
    output: outputs/pine_martins_sightings_clean.csv
    conda-env: /Users/chrisbutler/Documents/pine_martin/.snakemake/conda/77455e3e2502af1ae574a5776ceb467e_

Shutting down, this might take some time.
Exiting because a job execution failed. Look above for error message
Complete log: .snakemake/log/2024-09-08T181428.874630.snakemake.log
WorkflowError:
At least one job did not complete successfully.
