Building DAG of jobs...
Using shell: /bin/bash
Provided cores: 4
Rules claiming more threads will be scaled down.
Conda environments: ignored
Job stats:
job                               count
------------------------------  -------
clean_pine_martin_sightings           1
download_pine_martin_sightings        1
total                                 2

Select jobs to execute...
Execute 1 jobs...

[Sun Sep  8 22:58:06 2024]
localrule download_pine_martin_sightings:
    output: outputs/pine_martins_sightings.csv
    jobid: 1
    reason: Missing output files: outputs/pine_martins_sightings.csv
    resources: tmpdir=/var/folders/1z/9q2sbs594sj783bxhkj9gfl80000gn/T

[Sun Sep  8 22:58:14 2024]
Finished job 1.
1 of 2 steps (50%) done
Select jobs to execute...
Execute 1 jobs...

[Sun Sep  8 22:58:14 2024]
localrule clean_pine_martin_sightings:
    input: outputs/pine_martins_sightings.csv
    output: outputs/pine_martins_sightings_clean.csv
    jobid: 0
    reason: Input files updated by another job: outputs/pine_martins_sightings.csv
    resources: tmpdir=/var/folders/1z/9q2sbs594sj783bxhkj9gfl80000gn/T

[Sun Sep  8 22:58:15 2024]
Finished job 0.
2 of 2 steps (100%) done
Complete log: .snakemake/log/2024-09-08T225806.461862.snakemake.log
