Building DAG of jobs...
Using shell: /bin/bash
Provided cores: 4
Rules claiming more threads will be scaled down.
Conda environments: ignored
Job stats:
job                    count
-------------------  -------
create_location_map        1
total                      1

Select jobs to execute...
Execute 1 jobs...

[Sun Sep  8 19:21:11 2024]
localrule create_location_map:
    input: outputs/pine_martins_sightings_clean.csv
    output: outputs/sightings_map.html
    jobid: 0
    reason: Forced execution
    resources: tmpdir=/var/folders/1z/9q2sbs594sj783bxhkj9gfl80000gn/T

RuleException:
CalledProcessError in file /Users/chrisbutler/Documents/pine_martin/pine_martin, line 27:
Command 'set -euo pipefail;  /Users/chrisbutler/anaconda3/envs/pine_martin/bin/python3.12 /Users/chrisbutler/Documents/pine_martin/.snakemake/scripts/tmpk8q50uxz.pm_mapping.py' returned non-zero exit status 1.
[Sun Sep  8 19:21:11 2024]
Error in rule create_location_map:
    jobid: 0
    input: outputs/pine_martins_sightings_clean.csv
    output: outputs/sightings_map.html
    conda-env: /Users/chrisbutler/Documents/pine_martin/.snakemake/conda/77455e3e2502af1ae574a5776ceb467e_

Shutting down, this might take some time.
Exiting because a job execution failed. Look above for error message
Complete log: .snakemake/log/2024-09-08T192110.733903.snakemake.log
WorkflowError:
At least one job did not complete successfully.
