Building DAG of jobs...
Using shell: /bin/bash
Provided cores: 4
Rules claiming more threads will be scaled down.
Job stats:
job                             count
----------------------------  -------
download_pine_martin_sitings        1
total                               1

Select jobs to execute...
Execute 1 jobs...

[Mon Sep  2 19:31:05 2024]
localrule download_pine_martin_sitings:
    output: outputs/pine_martins_sightings.csv
    jobid: 0
    reason: Missing output files: outputs/pine_martins_sightings.csv
    resources: tmpdir=/var/folders/1z/9q2sbs594sj783bxhkj9gfl80000gn/T

[Mon Sep  2 19:34:19 2024]
Finished job 0.
1 of 1 steps (100%) done
Complete log: .snakemake/log/2024-09-02T193105.100735.snakemake.log
